Build started 07/03/2016 00:39:48.
     1>Project "D:\Documents\GitHub\Parallel Assignmemt\Parallel Assignmemt\Parallel Assignmemt.vcxproj" on node 2 (Build target(s)).
     1>Link:
         C:\Program Files (x86)\Microsoft Visual Studio 14.0\VC\bin\link.exe /ERRORREPORT:PROMPT /OUT:"D:\Documents\GitHub\Parallel Assignmemt\Debug\Parallel Assignmemt.exe" /INCREMENTAL /NOLOGO /LIBPATH:"C:\Program Files\NVIDIA GPU Computing Toolkit\CUDA\v7.5\lib\x64" OpenCL.lib kernel32.lib user32.lib gdi32.lib winspool.lib comdlg32.lib advapi32.lib shell32.lib ole32.lib oleaut32.lib uuid.lib odbc32.lib odbccp32.lib /MANIFEST /MANIFESTUAC:"level='asInvoker' uiAccess='false'" /manifest:embed /Debug /PDB:"D:\Documents\GitHub\Parallel Assignmemt\Debug\Parallel Assignmemt.pdb" /SUBSYSTEM:CONSOLE /TLBID:1 /DYNAMICBASE /NXCOMPAT /IMPLIB:"D:\Documents\GitHub\Parallel Assignmemt\Debug\Parallel Assignmemt.lib" /MACHINE:X86 Debug\Source.obj
     1>Source.obj : error LNK2019: unresolved external symbol _clGetPlatformIDs@12 referenced in function "public: static int __cdecl cl::Platform::get(class std::vector<class cl::Platform,class std::allocator<class cl::Platform> > *)" (?get@Platform@cl@@SAHPAV?$vector@VPlatform@cl@@V?$allocator@VPlatform@cl@@@std@@@std@@@Z)
     1>Source.obj : error LNK2019: unresolved external symbol _clGetPlatformInfo@20 referenced in function "public: int __thiscall cl::Platform::getInfo(unsigned int,class std::basic_string<char,struct std::char_traits<char>,class std::allocator<char> > *)const " (?getInfo@Platform@cl@@QBEHIPAV?$basic_string@DU?$char_traits@D@std@@V?$allocator@D@2@@std@@@Z)
     1>Source.obj : error LNK2019: unresolved external symbol _clGetDeviceIDs@24 referenced in function "public: int __thiscall cl::Platform::getDevices(unsigned __int64,class std::vector<class cl::Device,class std::allocator<class cl::Device> > *)const " (?getDevices@Platform@cl@@QBEH_KPAV?$vector@VDevice@cl@@V?$allocator@VDevice@cl@@@std@@@std@@@Z)
     1>Source.obj : error LNK2019: unresolved external symbol _clGetDeviceInfo@20 referenced in function "public: int __thiscall cl::Device::getInfo<unsigned int>(unsigned int,unsigned int *)const " (??$getInfo@I@Device@cl@@QBEHIPAI@Z)
     1>Source.obj : error LNK2019: unresolved external symbol _clRetainDevice@4 referenced in function "public: static int __cdecl cl::detail::ReferenceHandler<struct _cl_device_id *>::retain(struct _cl_device_id *)" (?retain@?$ReferenceHandler@PAU_cl_device_id@@@detail@cl@@SAHPAU_cl_device_id@@@Z)
     1>Source.obj : error LNK2019: unresolved external symbol _clReleaseDevice@4 referenced in function "public: static int __cdecl cl::detail::ReferenceHandler<struct _cl_device_id *>::release(struct _cl_device_id *)" (?release@?$ReferenceHandler@PAU_cl_device_id@@@detail@cl@@SAHPAU_cl_device_id@@@Z)
     1>Source.obj : error LNK2019: unresolved external symbol _clCreateContext@24 referenced in function "public: __thiscall cl::Context::Context(class cl::Device const &,int *,void (__stdcall*)(char const *,void const *,unsigned int,void *),void *,int *)" (??0Context@cl@@QAE@ABVDevice@1@PAHP6GXPBDPBXIPAX@Z41@Z)
     1>Source.obj : error LNK2019: unresolved external symbol _clReleaseContext@4 referenced in function "public: static int __cdecl cl::detail::ReferenceHandler<struct _cl_context *>::release(struct _cl_context *)" (?release@?$ReferenceHandler@PAU_cl_context@@@detail@cl@@SAHPAU_cl_context@@@Z)
     1>Source.obj : error LNK2019: unresolved external symbol _clGetContextInfo@20 referenced in function "public: int __thiscall cl::Context::getInfo<class std::vector<class cl::Device,class std::allocator<class cl::Device> > >(unsigned int,class std::vector<class cl::Device,class std::allocator<class cl::Device> > *)const " (??$getInfo@V?$vector@VDevice@cl@@V?$allocator@VDevice@cl@@@std@@@std@@@Context@cl@@QBEHIPAV?$vector@VDevice@cl@@V?$allocator@VDevice@cl@@@std@@@std@@@Z)
     1>Source.obj : error LNK2019: unresolved external symbol _clCreateCommandQueue@20 referenced in function "public: __thiscall cl::CommandQueue::CommandQueue(class cl::Context const &,unsigned __int64,int *)" (??0CommandQueue@cl@@QAE@ABVContext@1@_KPAH@Z)
     1>Source.obj : error LNK2019: unresolved external symbol _clReleaseCommandQueue@4 referenced in function "public: static int __cdecl cl::detail::ReferenceHandler<struct _cl_command_queue *>::release(struct _cl_command_queue *)" (?release@?$ReferenceHandler@PAU_cl_command_queue@@@detail@cl@@SAHPAU_cl_command_queue@@@Z)
     1>Source.obj : error LNK2019: unresolved external symbol _clCreateProgramWithSource@20 referenced in function "public: __thiscall cl::Program::Program(class cl::Context const &,class std::vector<struct std::pair<char const *,unsigned int>,class std::allocator<struct std::pair<char const *,unsigned int> > > const &,int *)" (??0Program@cl@@QAE@ABVContext@1@ABV?$vector@U?$pair@PBDI@std@@V?$allocator@U?$pair@PBDI@std@@@2@@std@@PAH@Z)
     1>Source.obj : error LNK2019: unresolved external symbol _clReleaseProgram@4 referenced in function "public: static int __cdecl cl::detail::ReferenceHandler<struct _cl_program *>::release(struct _cl_program *)" (?release@?$ReferenceHandler@PAU_cl_program@@@detail@cl@@SAHPAU_cl_program@@@Z)
     1>Source.obj : error LNK2019: unresolved external symbol _clBuildProgram@24 referenced in function "public: int __thiscall cl::Program::build(char const *,void (__stdcall*)(struct _cl_program *,void *),void *)const " (?build@Program@cl@@QBEHPBDP6GXPAU_cl_program@@PAX@Z2@Z)
     1>Source.obj : error LNK2019: unresolved external symbol _clGetProgramBuildInfo@24 referenced in function "public: int __thiscall cl::Program::getBuildInfo<int>(class cl::Device const &,unsigned int,int *)const " (??$getBuildInfo@H@Program@cl@@QBEHABVDevice@1@IPAH@Z)
     1>Source.obj : error LNK2019: unresolved external symbol _clGetEventProfilingInfo@20 referenced in function "public: int __thiscall cl::Event::getProfilingInfo<unsigned __int64>(unsigned int,unsigned __int64 *)const " (??$getProfilingInfo@_K@Event@cl@@QBEHIPA_K@Z)
     1>C:\Program Files\NVIDIA GPU Computing Toolkit\CUDA\v7.5\lib\x64\OpenCL.lib : warning LNK4272: library machine type 'x64' conflicts with target machine type 'X86'
     1>D:\Documents\GitHub\Parallel Assignmemt\Debug\Parallel Assignmemt.exe : fatal error LNK1120: 16 unresolved externals
     1>Done Building Project "D:\Documents\GitHub\Parallel Assignmemt\Parallel Assignmemt\Parallel Assignmemt.vcxproj" (Build target(s)) -- FAILED.

Build FAILED.

Time Elapsed 00:00:00.38
